[0m16:48:31.867169 [debug] [MainThread]: Sending event: {'category': 'dbt', 'action': 'invocation', 'label': 'start', 'context': [<snowplow_tracker.self_describing_json.SelfDescribingJson object at 0x7722294b8490>, <snowplow_tracker.self_describing_json.SelfDescribingJson object at 0x77222a3fd360>, <snowplow_tracker.self_describing_json.SelfDescribingJson object at 0x77222a3fd300>]}


============================== 16:48:31.869662 | 0f64e351-7bcd-49c5-8f32-6a122e48d668 ==============================
[0m16:48:31.869662 [info ] [MainThread]: Running with dbt=1.9.1
[0m16:48:31.870117 [debug] [MainThread]: running dbt with arguments {'printer_width': '80', 'indirect_selection': 'eager', 'write_json': 'True', 'log_cache_events': 'False', 'partial_parse': 'True', 'cache_selected_only': 'False', 'warn_error': 'None', 'debug': 'False', 'profiles_dir': '/home/maria/.dbt', 'log_path': 'logs', 'version_check': 'True', 'fail_fast': 'False', 'use_colors': 'True', 'use_experimental_parser': 'False', 'no_print': 'None', 'quiet': 'False', 'empty': 'None', 'warn_error_options': 'WarnErrorOptions(include=[], exclude=[])', 'invocation_command': 'dbt debug', 'log_format': 'default', 'static_parser': 'True', 'target_path': 'None', 'introspect': 'True', 'send_anonymous_usage_stats': 'True'}
[0m16:48:31.876168 [info ] [MainThread]: dbt version: 1.9.1
[0m16:48:31.876722 [info ] [MainThread]: python version: 3.10.12
[0m16:48:31.877124 [info ] [MainThread]: python path: /home/maria/Desktop/repos/learn-dbt/venv/bin/python
[0m16:48:31.877454 [info ] [MainThread]: os info: Linux-6.8.0-51-generic-x86_64-with-glibc2.35
[0m16:48:31.877738 [info ] [MainThread]: Using profiles dir at /home/maria/.dbt
[0m16:48:31.877979 [info ] [MainThread]: Using profiles.yml file at /home/maria/.dbt/profiles.yml
[0m16:48:31.878197 [info ] [MainThread]: Using dbt_project.yml file at /home/maria/Desktop/repos/learn-dbt/dbt_project.yml
[0m16:48:31.878421 [info ] [MainThread]: Configuration:
[0m16:48:31.878695 [info ] [MainThread]:   profiles.yml file [[31mERROR not found[0m]
[0m16:48:31.879039 [info ] [MainThread]:   dbt_project.yml file [[31mERROR not found[0m]
[0m16:48:31.879328 [info ] [MainThread]: Required dependencies:
[0m16:48:31.879604 [debug] [MainThread]: Executing "git --help"
[0m16:48:31.894780 [debug] [MainThread]: STDOUT: "b"usage: git [--version] [--help] [-C <path>] [-c <name>=<value>]\n           [--exec-path[=<path>]] [--html-path] [--man-path] [--info-path]\n           [-p | --paginate | -P | --no-pager] [--no-replace-objects] [--bare]\n           [--git-dir=<path>] [--work-tree=<path>] [--namespace=<name>]\n           [--super-prefix=<path>] [--config-env=<name>=<envvar>]\n           <command> [<args>]\n\nThese are common Git commands used in various situations:\n\nstart a working area (see also: git help tutorial)\n   clone     Clone a repository into a new directory\n   init      Create an empty Git repository or reinitialize an existing one\n\nwork on the current change (see also: git help everyday)\n   add       Add file contents to the index\n   mv        Move or rename a file, a directory, or a symlink\n   restore   Restore working tree files\n   rm        Remove files from the working tree and from the index\n\nexamine the history and state (see also: git help revisions)\n   bisect    Use binary search to find the commit that introduced a bug\n   diff      Show changes between commits, commit and working tree, etc\n   grep      Print lines matching a pattern\n   log       Show commit logs\n   show      Show various types of objects\n   status    Show the working tree status\n\ngrow, mark and tweak your common history\n   branch    List, create, or delete branches\n   commit    Record changes to the repository\n   merge     Join two or more development histories together\n   rebase    Reapply commits on top of another base tip\n   reset     Reset current HEAD to the specified state\n   switch    Switch branches\n   tag       Create, list, delete or verify a tag object signed with GPG\n\ncollaborate (see also: git help workflows)\n   fetch     Download objects and refs from another repository\n   pull      Fetch from and integrate with another repository or a local branch\n   push      Update remote refs along with associated objects\n\n'git help -a' and 'git help -g' list available subcommands and some\nconcept guides. See 'git help <command>' or 'git help <concept>'\nto read about a specific subcommand or concept.\nSee 'git help git' for an overview of the system.\n""
[0m16:48:31.895220 [debug] [MainThread]: STDERR: "b''"
[0m16:48:31.895488 [info ] [MainThread]:  - git [[32mOK found[0m]

[0m16:48:31.895738 [info ] [MainThread]: Connection test skipped since no profile was found
[0m16:48:31.896034 [info ] [MainThread]: [31m2 checks failed:[0m
[0m16:48:31.896275 [info ] [MainThread]: dbt looked for a profiles.yml file in /home/maria/.dbt/profiles.yml, but did
not find one. For more information on configuring your profile, consult the
documentation:

https://docs.getdbt.com/docs/configure-your-profile


[0m16:48:31.896502 [info ] [MainThread]: Project loading failed for the following reason:
 project path </home/maria/Desktop/repos/learn-dbt/dbt_project.yml> not found

[0m16:48:31.898997 [debug] [MainThread]: Resource report: {"command_name": "debug", "command_success": false, "command_wall_clock_time": 0.074554674, "process_in_blocks": "1384", "process_kernel_time": 0.050085, "process_mem_max_rss": "86788", "process_out_blocks": "16", "process_user_time": 0.915563}
[0m16:48:31.899380 [debug] [MainThread]: Command `dbt debug` failed at 16:48:31.899304 after 0.08 seconds
[0m16:48:31.899675 [debug] [MainThread]: Sending event: {'category': 'dbt', 'action': 'invocation', 'label': 'end', 'context': [<snowplow_tracker.self_describing_json.SelfDescribingJson object at 0x7722294b8490>, <snowplow_tracker.self_describing_json.SelfDescribingJson object at 0x77222a3fd390>, <snowplow_tracker.self_describing_json.SelfDescribingJson object at 0x77222a4635b0>]}
[0m16:48:31.900102 [debug] [MainThread]: Flushing usage events
[0m16:48:32.527682 [debug] [MainThread]: An error was encountered while trying to flush usage events
[0m16:49:59.566430 [debug] [MainThread]: Sending event: {'category': 'dbt', 'action': 'invocation', 'label': 'start', 'context': [<snowplow_tracker.self_describing_json.SelfDescribingJson object at 0x7c1714778400>, <snowplow_tracker.self_describing_json.SelfDescribingJson object at 0x7c17156b92a0>, <snowplow_tracker.self_describing_json.SelfDescribingJson object at 0x7c17156b9240>]}


============================== 16:49:59.568324 | 91dd0840-3d07-4963-b982-b2d68a5fa796 ==============================
[0m16:49:59.568324 [info ] [MainThread]: Running with dbt=1.9.1
[0m16:49:59.568755 [debug] [MainThread]: running dbt with arguments {'printer_width': '80', 'indirect_selection': 'eager', 'log_cache_events': 'False', 'write_json': 'True', 'partial_parse': 'True', 'cache_selected_only': 'False', 'warn_error': 'None', 'debug': 'False', 'fail_fast': 'False', 'log_path': 'logs', 'profiles_dir': '/home/maria/.dbt', 'version_check': 'True', 'use_colors': 'True', 'use_experimental_parser': 'False', 'no_print': 'None', 'quiet': 'False', 'empty': 'None', 'warn_error_options': 'WarnErrorOptions(include=[], exclude=[])', 'invocation_command': 'dbt init dbtlearn', 'introspect': 'True', 'static_parser': 'True', 'target_path': 'None', 'log_format': 'default', 'send_anonymous_usage_stats': 'True'}
[0m16:49:59.573441 [debug] [MainThread]: Starter project path: /home/maria/Desktop/repos/learn-dbt/venv/lib/python3.10/site-packages/dbt/include/starter_project
[0m16:49:59.574966 [info ] [MainThread]: 
Your new dbt project "dbtlearn" was created!

For more information on how to configure the profiles.yml file,
please consult the dbt documentation here:

  https://docs.getdbt.com/docs/configure-your-profile

One more thing:

Need help? Don't hesitate to reach out to us via GitHub issues or on Slack:

  https://community.getdbt.com/

Happy modeling!

[0m16:49:59.575317 [info ] [MainThread]: Setting up your profile.
[0m16:52:40.844489 [info ] [MainThread]: Profile dbtlearn written to /home/maria/.dbt/profiles.yml using target's profile_template.yml and your supplied values. Run 'dbt debug' to validate the connection.
[0m16:52:40.846598 [debug] [MainThread]: Resource report: {"command_name": "init", "command_success": true, "command_wall_clock_time": 161.32219, "process_in_blocks": "48", "process_kernel_time": 0.059027, "process_mem_max_rss": "103372", "process_out_blocks": "88", "process_user_time": 0.998461}
[0m16:52:40.847726 [debug] [MainThread]: Command `dbt init` succeeded at 16:52:40.847479 after 161.32 seconds
[0m16:52:40.848623 [debug] [MainThread]: Sending event: {'category': 'dbt', 'action': 'invocation', 'label': 'end', 'context': [<snowplow_tracker.self_describing_json.SelfDescribingJson object at 0x7c1714778400>, <snowplow_tracker.self_describing_json.SelfDescribingJson object at 0x7c17156b9270>, <snowplow_tracker.self_describing_json.SelfDescribingJson object at 0x7c17156b91e0>]}
[0m16:52:40.849513 [debug] [MainThread]: Flushing usage events
[0m16:52:41.411353 [debug] [MainThread]: An error was encountered while trying to flush usage events
